<?xml version="1.0" encoding="utf-8"?><testsuites name="pytest tests"><testsuite name="pytest" errors="0" failures="0" skipped="0" tests="11" time="20.350" timestamp="2026-08-23T01:57:49.237667+00:00" hostname="agent-env-01a56372-d541-4e45-8008-8f9aa946f409"><testcase classname="tests.test_iteration3.TestItemHistory" name="test_history_field_present" time="0.830" /><testcase classname="tests.test_iteration3.TestReleaseItemsBugFix" name="test_reject_returns_item_to_available" time="3.507" /><testcase classname="tests.test_iteration3.TestItemHistory" name="test_history_contains_rejected" time="2.679" /><testcase classname="tests.test_iteration3.TestItemHistory" name="test_history_contains_returned_with_condition" time="12.525" /><testcase classname="tests.test_iteration3.TestReleaseItemsBugFix" name="test_cancel_returns_item_to_available" time="5.664" /><testcase classname="tests.test_iteration3.TestReleaseItemsBugFix" name="test_confirm_return_damaged_sets_maintenance_rusak" time="6.967" /><testcase classname="tests.test_iteration3.TestSchedulerReminders" name="test_reminder_24h_and_30m_and_dedupe" time="3.368" /><testcase classname="tests.test_iteration3.TestReleaseItemsBugFix" name="test_release_items_does_not_touch_maintenance" time="0.137" /><testcase classname="tests.test_iteration3.TestReleaseItemsBugFix" name="test_release_items_respects_other_active_booking" time="3.240" /><testcase classname="tests.test_iteration3.TestSchedulerReminders" name="test_self_heal_leaves_maintenance_alone" time="0.162" /><testcase classname="tests.test_iteration3.TestSchedulerReminders" name="test_self_heal_recovers_orphan_booked_item" time="0.139" /></testsuite></testsuites>