<?xml version="1.0" encoding="utf-8"?><testsuites name="pytest tests"><testsuite name="pytest" errors="0" failures="0" skipped="0" tests="25" time="28.248" timestamp="2026-08-23T04:19:41.463989+00:00" hostname="agent-env-01a56372-d541-4e45-8008-8f9aa946f409"><testcase classname="tests.backend_test.TestAuth" name="test_login_admin" time="0.440" /><testcase classname="tests.backend_test.TestAuth" name="test_login_bad" time="0.325" /><testcase classname="tests.backend_test.TestBookingSchema" name="test_same_day_ok" time="1.658" /><testcase classname="tests.backend_test.TestBookingSchema" name="test_multi_day_ok" time="1.294" /><testcase classname="tests.backend_test.TestBookingSchema" name="test_return_before_pickup_400" time="0.083" /><testcase classname="tests.backend_test.TestBookingSchema" name="test_missing_return_date_422" time="0.128" /><testcase classname="tests.backend_test.TestBookingSchema" name="test_old_duration_type_field_not_required" time="4.507" /><testcase classname="tests.backend_test.TestChecklistUnlock" name="test_locked_when_future" time="3.461" /><testcase classname="tests.backend_test.TestChecklistUnlock" name="test_unlocked_today" time="1.864" /><testcase classname="tests.backend_test.TestTemplates" name="test_user_can_have_multiple_templates" time="0.308" /><testcase classname="tests.backend_test.TestTemplates" name="test_put_updates_name_shared_and_lines" time="0.338" /><testcase classname="tests.backend_test.TestTemplates" name="test_put_by_non_owner_forbidden" time="0.210" /><testcase classname="tests.backend_test.TestTemplates" name="test_put_admin_can_edit_user_template" time="0.259" /><testcase classname="tests.backend_test.TestTemplates" name="test_put_empty_lines_400" time="0.256" /><testcase classname="tests.backend_test.TestTemplates" name="test_delete_by_non_owner_forbidden" time="0.186" /><testcase classname="tests.backend_test.TestTelegramWebhook" name="test_missing_secret_403" time="0.149" /><testcase classname="tests.backend_test.TestTelegramWebhook" name="test_message_from_non_admin_rejected" time="1.044" /><testcase classname="tests.backend_test.TestTelegramWebhook" name="test_callback_from_random_user_in_random_chat_rejected" time="2.011" /><testcase classname="tests.backend_test.TestTelegramWebhook" name="test_bug_approve_from_random_user_in_admin_group" time="3.300" /><testcase classname="tests.backend_test.TestTelegramWebhook" name="test_reject_via_group" time="2.516" /><testcase classname="tests.backend_test.TestAdmin" name="test_user_forbidden_stats" time="0.042" /><testcase classname="tests.backend_test.TestAdmin" name="test_reports_and_csv" time="0.093" /><testcase classname="tests.backend_test.TestAdmin" name="test_admin_tabs_load" time="0.319" /><testcase classname="tests.backend_test.TestLiveStock" name="test_available_drops" time="1.377" /><testcase classname="tests.backend_test.TestCalendar" name="test_calendar_live_on_approve" time="2.018" /></testsuite></testsuites>