<?xml version="1.0" encoding="utf-8"?><testsuites name="pytest tests"><testsuite name="pytest" errors="0" failures="1" skipped="0" tests="54" time="61.880" timestamp="2026-08-23T02:01:34.328601+00:00" hostname="agent-env-01a56372-d541-4e45-8008-8f9aa946f409"><testcase classname="tests.test_iteration3.TestItemHistory" name="test_history_field_present" time="0.596" /><testcase classname="tests.test_iteration3.TestItemHistory" name="test_history_contains_rejected" time="1.210" /><testcase classname="tests.test_iteration3.TestItemHistory" name="test_history_contains_returned_with_condition" time="2.698" /><testcase classname="tests.test_iteration3.TestReleaseItemsBugFix" name="test_reject_returns_item_to_available" time="4.685" /><testcase classname="tests.test_iteration3.TestReleaseItemsBugFix" name="test_cancel_returns_item_to_available" time="1.433" /><testcase classname="tests.test_iteration3.TestReleaseItemsBugFix" name="test_confirm_return_damaged_sets_maintenance_rusak" time="5.831" /><testcase classname="tests.test_iteration3.TestReleaseItemsBugFix" name="test_release_items_does_not_touch_maintenance" time="0.190" /><testcase classname="tests.test_iteration3.TestReleaseItemsBugFix" name="test_release_items_respects_other_active_booking" time="1.677" /><testcase classname="tests.test_iteration3.TestSchedulerReminders" name="test_reminder_24h_and_30m_and_dedupe" time="3.675" /><testcase classname="tests.test_iteration3.TestSchedulerReminders" name="test_self_heal_leaves_maintenance_alone" time="0.117" /><testcase classname="tests.test_iteration3.TestSchedulerReminders" name="test_self_heal_recovers_orphan_booked_item" time="0.112" /><testcase classname="tests.test_iteration3.TestGoogleCalendarLive" name="test_approve_extend_cancel_live_flow" time="3.831" /><testcase classname="tests.backend_test.TestAuth" name="test_login_admin_ok" time="0.425" /><testcase classname="tests.backend_test.TestAuth" name="test_login_bad_pw" time="0.390" /><testcase classname="tests.backend_test.TestAuth" name="test_me_unauth" time="0.139" /><testcase classname="tests.backend_test.TestAuth" name="test_me_authed" time="0.481" /><testcase classname="tests.backend_test.TestItems" name="test_list_items" time="0.098" /><testcase classname="tests.backend_test.TestItems" name="test_search_items" time="0.070" /><testcase classname="tests.backend_test.TestItems" name="test_filter_category" time="0.056" /><testcase classname="tests.backend_test.TestRBAC" name="test_user_cannot_access_admin" time="0.079" /><testcase classname="tests.backend_test.TestRBAC" name="test_admin_stats_ok" time="0.457" /><testcase classname="tests.backend_test.TestBookingLifecycle" name="test_01_create_booking" time="0.790" /><testcase classname="tests.backend_test.TestBookingLifecycle" name="test_02_double_booking_blocked" time="0.063" /><testcase classname="tests.backend_test.TestBookingLifecycle" name="test_03_get_booking_pending_hides_access" time="0.101" /><testcase classname="tests.backend_test.TestBookingLifecycle" name="test_04_admin_can_see_pending" time="0.073" /><testcase classname="tests.backend_test.TestBookingLifecycle" name="test_05_approve_booking" time="1.149" /><testcase classname="tests.backend_test.TestBookingLifecycle" name="test_06_user_sees_access_after_approval" time="0.100" /><testcase classname="tests.backend_test.TestBookingLifecycle" name="test_07_notifications_visible" time="0.058" /><testcase classname="tests.backend_test.TestBookingLifecycle" name="test_08_mark_all_read" time="0.063" /><testcase classname="tests.backend_test.TestBookingLifecycle" name="test_09_request_return" time="0.664" /><testcase classname="tests.backend_test.TestBookingLifecycle" name="test_10_admin_confirm_return" time="0.068" /><testcase classname="tests.backend_test.TestBookingLifecycle" name="test_11_item_available_again" time="0.088" /><testcase classname="tests.backend_test.TestReject" name="test_reject_booking" time="0.809" /><testcase classname="tests.backend_test.TestMaintenance" name="test_maintenance_prevents_booking" time="0.315" /><testcase classname="tests.backend_test.TestSettings" name="test_read_settings" time="0.060" /><testcase classname="tests.backend_test.TestSettings" name="test_user_cannot_write_settings" time="0.052" /><testcase classname="tests.backend_test.TestSettings" name="test_admin_updates_settings_persist" time="0.181" /><testcase classname="tests.backend_test.TestLogs" name="test_access_logs" time="0.089" /><testcase classname="tests.backend_test.TestLogs" name="test_audit_logs" time="0.077" /><testcase classname="tests.backend_test.TestLogs" name="test_notifications_log" time="0.096" /><testcase classname="tests.backend_test.TestItemAdmin" name="test_create_and_delete" time="0.369" /><testcase classname="tests.backend_test.TestTelegramWebhook" name="test_webhook_rejects_without_secret" time="0.170" /><testcase classname="tests.backend_test.TestTelegramWebhook" name="test_webhook_accepts_with_secret_start" time="1.052" /><testcase classname="tests.backend_test.TestTelegramWebhook" name="test_webhook_approve_callback" time="11.565" /><testcase classname="tests.backend_test.TestReports" name="test_user_cannot_access_reports" time="0.051" /><testcase classname="tests.backend_test.TestReports" name="test_user_cannot_export" time="0.056" /><testcase classname="tests.backend_test.TestReports" name="test_reports_30_days_structure" time="0.061" /><testcase classname="tests.backend_test.TestReports" name="test_reports_7_days" time="0.058" /><testcase classname="tests.backend_test.TestReports" name="test_reports_90_days" time="0.116" /><testcase classname="tests.backend_test.TestReports" name="test_reports_consistency_after_full_cycle" time="2.814"><failure message="AssertionError: assert 'Lighting Godox SL60' in ['Battery Sony NP-FW50', 'TEST_iter3_reject_release_1787450498913', 'TEST_iter3_two_bookings_1787450511055', 'Sony A6400', 'MacBook Pro 14', 'TEST_iter3_history_reject_1787450495387', ...]">E   AssertionError: assert 'Lighting Godox SL60' in ['Battery Sony NP-FW50', 'TEST_iter3_reject_release_1787450498913', 'TEST_iter3_two_bookings_1787450511055', 'Sony A6400', 'MacBook Pro 14', 'TEST_iter3_history_reject_1787450495387', ...]</failure></testcase><testcase classname="tests.backend_test.TestReports" name="test_reports_export_csv" time="0.053" /><testcase classname="tests.backend_test.TestProfileWhatsapp" name="test_update_whatsapp_number_persists" time="0.109" /><testcase classname="tests.backend_test.TestProfileWhatsapp" name="test_whatsapp_notification_recorded" time="11.253" /><testcase classname="tests.backend_test.TestTelegramLaporan" name="test_laporan_command" time="0.897" /></testsuite></testsuites>