<?xml version="1.0" encoding="utf-8"?><testsuites name="pytest tests"><testsuite name="pytest" errors="0" failures="0" skipped="0" tests="53" time="47.095" timestamp="2026-08-23T01:54:25.380484+00:00" hostname="agent-env-01a56372-d541-4e45-8008-8f9aa946f409"><testcase classname="tests.backend_test.TestAuth" name="test_login_admin_ok" time="0.524" /><testcase classname="tests.backend_test.TestAuth" name="test_login_bad_pw" time="0.367" /><testcase classname="tests.backend_test.TestAuth" name="test_me_unauth" time="0.122" /><testcase classname="tests.backend_test.TestAuth" name="test_me_authed" time="0.426" /><testcase classname="tests.backend_test.TestItems" name="test_list_items" time="0.058" /><testcase classname="tests.backend_test.TestItems" name="test_search_items" time="0.048" /><testcase classname="tests.backend_test.TestItems" name="test_filter_category" time="0.050" /><testcase classname="tests.backend_test.TestRBAC" name="test_user_cannot_access_admin" time="0.050" /><testcase classname="tests.backend_test.TestRBAC" name="test_admin_stats_ok" time="0.405" /><testcase classname="tests.backend_test.TestBookingLifecycle" name="test_01_create_booking" time="3.935" /><testcase classname="tests.backend_test.TestBookingLifecycle" name="test_02_double_booking_blocked" time="0.078" /><testcase classname="tests.backend_test.TestBookingLifecycle" name="test_03_get_booking_pending_hides_access" time="0.063" /><testcase classname="tests.backend_test.TestBookingLifecycle" name="test_04_admin_can_see_pending" time="0.052" /><testcase classname="tests.backend_test.TestBookingLifecycle" name="test_05_approve_booking" time="0.873" /><testcase classname="tests.backend_test.TestBookingLifecycle" name="test_06_user_sees_access_after_approval" time="0.053" /><testcase classname="tests.backend_test.TestBookingLifecycle" name="test_07_notifications_visible" time="0.057" /><testcase classname="tests.backend_test.TestBookingLifecycle" name="test_08_mark_all_read" time="0.050" /><testcase classname="tests.backend_test.TestBookingLifecycle" name="test_09_request_return" time="0.661" /><testcase classname="tests.backend_test.TestBookingLifecycle" name="test_10_admin_confirm_return" time="0.059" /><testcase classname="tests.backend_test.TestBookingLifecycle" name="test_11_item_available_again" time="0.066" /><testcase classname="tests.backend_test.TestReject" name="test_reject_booking" time="0.745" /><testcase classname="tests.backend_test.TestMaintenance" name="test_maintenance_prevents_booking" time="0.206" /><testcase classname="tests.backend_test.TestSettings" name="test_read_settings" time="0.054" /><testcase classname="tests.backend_test.TestSettings" name="test_user_cannot_write_settings" time="0.049" /><testcase classname="tests.backend_test.TestSettings" name="test_admin_updates_settings_persist" time="0.146" /><testcase classname="tests.backend_test.TestLogs" name="test_access_logs" time="0.051" /><testcase classname="tests.backend_test.TestLogs" name="test_audit_logs" time="0.052" /><testcase classname="tests.backend_test.TestLogs" name="test_notifications_log" time="0.058" /><testcase classname="tests.backend_test.TestItemAdmin" name="test_create_and_delete" time="0.205" /><testcase classname="tests.backend_test.TestTelegramWebhook" name="test_webhook_rejects_without_secret" time="0.133" /><testcase classname="tests.backend_test.TestTelegramWebhook" name="test_webhook_accepts_with_secret_start" time="1.020" /><testcase classname="tests.backend_test.TestTelegramWebhook" name="test_webhook_approve_callback" time="2.685" /><testcase classname="tests.backend_test.TestReports" name="test_user_cannot_access_reports" time="0.062" /><testcase classname="tests.backend_test.TestReports" name="test_user_cannot_export" time="0.052" /><testcase classname="tests.backend_test.TestReports" name="test_reports_30_days_structure" time="0.055" /><testcase classname="tests.backend_test.TestReports" name="test_reports_7_days" time="0.052" /><testcase classname="tests.backend_test.TestReports" name="test_reports_90_days" time="0.054" /><testcase classname="tests.backend_test.TestReports" name="test_reports_consistency_after_full_cycle" time="2.788" /><testcase classname="tests.backend_test.TestReports" name="test_reports_export_csv" time="0.071" /><testcase classname="tests.backend_test.TestProfileWhatsapp" name="test_update_whatsapp_number_persists" time="0.102" /><testcase classname="tests.backend_test.TestProfileWhatsapp" name="test_whatsapp_notification_recorded" time="1.449" /><testcase classname="tests.backend_test.TestTelegramLaporan" name="test_laporan_command" time="0.836" /><testcase classname="tests.test_iteration3.TestItemHistory" name="test_history_field_present" time="0.452" /><testcase classname="tests.test_iteration3.TestItemHistory" name="test_history_contains_rejected" time="1.278" /><testcase classname="tests.test_iteration3.TestItemHistory" name="test_history_contains_returned_with_condition" time="2.214" /><testcase classname="tests.test_iteration3.TestReleaseItemsBugFix" name="test_reject_returns_item_to_available" time="4.760" /><testcase classname="tests.test_iteration3.TestReleaseItemsBugFix" name="test_cancel_returns_item_to_available" time="1.603" /><testcase classname="tests.test_iteration3.TestReleaseItemsBugFix" name="test_confirm_return_damaged_sets_maintenance_rusak" time="2.049" /><testcase classname="tests.test_iteration3.TestReleaseItemsBugFix" name="test_release_items_does_not_touch_maintenance" time="0.219" /><testcase classname="tests.test_iteration3.TestReleaseItemsBugFix" name="test_release_items_respects_other_active_booking" time="1.803" /><testcase classname="tests.test_iteration3.TestSchedulerReminders" name="test_reminder_24h_and_30m_and_dedupe" time="13.353" /><testcase classname="tests.test_iteration3.TestSchedulerReminders" name="test_self_heal_leaves_maintenance_alone" time="0.172" /><testcase classname="tests.test_iteration3.TestSchedulerReminders" name="test_self_heal_recovers_orphan_booked_item" time="0.167" /></testsuite></testsuites>