<?xml version="1.0" encoding="utf-8"?><testsuites name="pytest tests"><testsuite name="pytest" errors="0" failures="0" skipped="0" tests="32" time="3.812" timestamp="2026-08-22T12:13:28.995504+00:00" hostname="agent-env-01a56372-d541-4e45-8008-8f9aa946f409"><testcase classname="tests.backend_test.TestAuth" name="test_login_admin_ok" time="0.370" /><testcase classname="tests.backend_test.TestAuth" name="test_login_bad_pw" time="0.489" /><testcase classname="tests.backend_test.TestBookingLifecycle" name="test_01_create_booking" time="0.994" /><testcase classname="tests.backend_test.TestAuth" name="test_me_unauth" time="0.106" /><testcase classname="tests.backend_test.TestBookingLifecycle" name="test_02_double_booking_blocked" time="0.048" /><testcase classname="tests.backend_test.TestBookingLifecycle" name="test_03_get_booking_pending_hides_access" time="0.055" /><testcase classname="tests.backend_test.TestAuth" name="test_me_authed" time="0.604" /><testcase classname="tests.backend_test.TestItems" name="test_list_items" time="0.050" /><testcase classname="tests.backend_test.TestBookingLifecycle" name="test_04_admin_can_see_pending" time="0.655" /><testcase classname="tests.backend_test.TestItems" name="test_search_items" time="0.049" /><testcase classname="tests.backend_test.TestItems" name="test_filter_category" time="0.051" /><testcase classname="tests.backend_test.TestSettings" name="test_read_settings" time="0.056" /><testcase classname="tests.backend_test.TestBookingLifecycle" name="test_05_approve_booking" time="0.170" /><testcase classname="tests.backend_test.TestSettings" name="test_user_cannot_write_settings" time="0.048" /><testcase classname="tests.backend_test.TestBookingLifecycle" name="test_06_user_sees_access_after_approval" time="0.258" /><testcase classname="tests.backend_test.TestBookingLifecycle" name="test_07_notifications_visible" time="0.093" /><testcase classname="tests.backend_test.TestSettings" name="test_admin_updates_settings_persist" time="0.537" /><testcase classname="tests.backend_test.TestBookingLifecycle" name="test_08_mark_all_read" time="0.047" /><testcase classname="tests.backend_test.TestBookingLifecycle" name="test_09_request_return" time="0.049" /><testcase classname="tests.backend_test.TestLogs" name="test_access_logs" time="0.047" /><testcase classname="tests.backend_test.TestBookingLifecycle" name="test_10_admin_confirm_return" time="0.201" /><testcase classname="tests.backend_test.TestLogs" name="test_audit_logs" time="0.047" /><testcase classname="tests.backend_test.TestLogs" name="test_notifications_log" time="0.046" /><testcase classname="tests.backend_test.TestRBAC" name="test_user_cannot_access_admin" time="0.050" /><testcase classname="tests.backend_test.TestRBAC" name="test_admin_stats_ok" time="0.048" /><testcase classname="tests.backend_test.TestBookingLifecycle" name="test_11_item_available_again" time="0.047" /><testcase classname="tests.backend_test.TestReject" name="test_reject_booking" time="0.162" /><testcase classname="tests.backend_test.TestTelegramWebhook" name="test_webhook_rejects_without_secret" time="0.097" /><testcase classname="tests.backend_test.TestTelegramWebhook" name="test_webhook_accepts_with_secret_start" time="0.144" /><testcase classname="tests.backend_test.TestMaintenance" name="test_maintenance_prevents_booking" time="0.234" /><testcase classname="tests.backend_test.TestTelegramWebhook" name="test_webhook_approve_callback" time="0.422" /><testcase classname="tests.backend_test.TestItemAdmin" name="test_create_and_delete" time="0.229" /></testsuite></testsuites>